d:\2.programming\jacksoncheckers\jacksoncheckers\x64\release\vc141.pdb
d:\2.programming\jacksoncheckers\jacksoncheckers\x64\release\main.obj
d:\2.programming\jacksoncheckers\jacksoncheckers\x64\release\gameparameters.obj
d:\2.programming\temporary projects\jacksoncheckers\jacksoncheckers\x64\release\vc141.pdb
d:\2.programming\temporary projects\jacksoncheckers\jacksoncheckers\x64\release\main.obj
d:\2.programming\temporary projects\jacksoncheckers\jacksoncheckers\x64\release\gameparameters.obj
d:\2.programming\jacksoncheckers\x64\release\jacksoncheckers.ipdb
d:\2.programming\jacksoncheckers\x64\release\jacksoncheckers.iobj
d:\2.programming\temporary projects\jacksoncheckers\x64\release\jacksoncheckers.ipdb
d:\2.programming\temporary projects\jacksoncheckers\x64\release\jacksoncheckers.iobj
d:\2.programming\jacksoncheckers\x64\release\jacksoncheckers.exe
d:\2.programming\jacksoncheckers\x64\release\jacksoncheckers.pdb
d:\2.programming\temporary projects\jacksoncheckers\x64\release\jacksoncheckers.exe
d:\2.programming\temporary projects\jacksoncheckers\x64\release\jacksoncheckers.pdb
d:\2.programming\temporary projects\jacksoncheckers\jacksoncheckers\x64\release\jacksoncheckers.tlog\cl.command.1.tlog
d:\2.programming\temporary projects\jacksoncheckers\jacksoncheckers\x64\release\jacksoncheckers.tlog\cl.read.1.tlog
d:\2.programming\temporary projects\jacksoncheckers\jacksoncheckers\x64\release\jacksoncheckers.tlog\cl.write.1.tlog
d:\2.programming\temporary projects\jacksoncheckers\jacksoncheckers\x64\release\jacksoncheckers.tlog\jacksoncheckers.write.1u.tlog
d:\2.programming\temporary projects\jacksoncheckers\jacksoncheckers\x64\release\jacksoncheckers.tlog\link.command.1.tlog
d:\2.programming\temporary projects\jacksoncheckers\jacksoncheckers\x64\release\jacksoncheckers.tlog\link.read.1.tlog
d:\2.programming\temporary projects\jacksoncheckers\jacksoncheckers\x64\release\jacksoncheckers.tlog\link.write.1.tlog
